0 silly argv {
0 silly argv   _: [ 'run' ],
0 silly argv   lernaVersion: '4.0.0',
0 silly argv   '$0': '/Users/brucedonovan/dev/yield/yield-ui/node_modules/.bin/lerna',
0 silly argv   script: 'compile'
0 silly argv }
1 notice cli v4.0.0
2 verbose rootPath /Users/brucedonovan/dev/yield/yield-ui
3 info versioning independent
4 error JSONError: Unexpected token "}" (0x7D) in JSON at position 320 while parsing near "...rator\": \"^4.6.0\",\n  },\n  \"scripts\": {\n  ..." in packages/core/package.json
4 error
4 error [0m [90m 12 |[39m     [32m"rxjs"[39m[33m:[39m [32m"^7.5.5"[39m[33m,[39m[0m
4 error [0m [90m 13 |[39m     [32m"unique-names-generator"[39m[33m:[39m [32m"^4.6.0"[39m[33m,[39m[0m
4 error [0m[31m[1m>[22m[39m[90m 14 |[39m   }[33m,[39m[0m
4 error [0m [90m    |[39m   [31m[1m^[22m[39m[0m
4 error [0m [90m 15 |[39m   [32m"scripts"[39m[33m:[39m {[0m
4 error [0m [90m 16 |[39m     [32m"compile"[39m[33m:[39m [32m"tsc -b"[39m[33m,[39m[0m
4 error [0m [90m 17 |[39m     [32m"watch"[39m[33m:[39m [32m"tsc -b -w"[39m[33m,[39m[0m
4 error
4 error     at parseJson (/Users/brucedonovan/dev/yield/yield-ui/node_modules/parse-json/index.js:29:21)
4 error     at parse (/Users/brucedonovan/dev/yield/yield-ui/node_modules/load-json-file/index.js:15:9)
4 error     at module.exports (/Users/brucedonovan/dev/yield/yield-ui/node_modules/load-json-file/index.js:18:47)
